app/build/intermediates/manifest_merge_blame_file/debug/manifest-merger-blame-debug-report.txt
1<?xml version="1.0" encoding="utf-8"?>
2<manifest xmlns:android="http://schemas.android.com/apk/res/android"
3    package="iut.appmob.blah"
4    android:versionCode="1"
5    android:versionName="1.0" >
6
7    <uses-sdk
8        android:minSdkVersion="26"
8-->src\main\AndroidManifest.xml
9        android:targetSdkVersion="30" />
9-->src\main\AndroidManifest.xml
10
11    <uses-permission android:name="android.permission.VIBRATE" />
11-->src\main\AndroidManifest.xml:4:5-65
11-->src\main\AndroidManifest.xml:4:22-63
12
13    <!-- Although the *SdkVersion is captured in gradle build files, this is required for non gradle builds -->
14    <!-- <uses-sdk android:minSdkVersion="14"/> -->
15    <uses-permission android:name="android.permission.ACCESS_NETWORK_STATE" />
15-->[com.google.firebase:firebase-database:19.6.0] AndroidManifest.xml:25:5-79
15-->[com.google.firebase:firebase-database:19.6.0] AndroidManifest.xml:25:22-76
16    <uses-permission android:name="android.permission.INTERNET" />
16-->[com.google.firebase:firebase-database:19.6.0] AndroidManifest.xml:26:5-67
16-->[com.google.firebase:firebase-database:19.6.0] AndroidManifest.xml:26:22-64
17
18    <application
18-->src\main\AndroidManifest.xml:6:5-46:19
19        android:allowBackup="true"
19-->src\main\AndroidManifest.xml:7:9-35
20        android:appComponentFactory="androidx.core.app.CoreComponentFactory"
20-->[androidx.core:core:1.3.1] AndroidManifest.xml:24:18-86
21        android:debuggable="true"
22        android:extractNativeLibs="false"
23        android:icon="@mipmap/ic_launcher"
23-->src\main\AndroidManifest.xml:8:9-43
24        android:label="@string/app_name"
24-->src\main\AndroidManifest.xml:9:9-41
25        android:roundIcon="@mipmap/ic_launcher_round"
25-->src\main\AndroidManifest.xml:10:9-54
26        android:supportsRtl="true"
26-->src\main\AndroidManifest.xml:11:9-35
27        android:testOnly="true"
28        android:theme="@style/Theme.Blah" >
28-->src\main\AndroidManifest.xml:12:9-42
29        <activity
29-->src\main\AndroidManifest.xml:14:9-20:20
30            android:name="iut.appmob.blah.activities.MainActivity"
30-->src\main\AndroidManifest.xml:14:19-58
31            android:noHistory="true" >
31-->src\main\AndroidManifest.xml:15:13-37
32            <intent-filter>
32-->src\main\AndroidManifest.xml:16:13-19:29
33                <action android:name="android.intent.action.MAIN" />
33-->src\main\AndroidManifest.xml:17:17-69
33-->src\main\AndroidManifest.xml:17:25-66
34
35                <category android:name="android.intent.category.LAUNCHER" />
35-->src\main\AndroidManifest.xml:18:17-77
35-->src\main\AndroidManifest.xml:18:27-74
36            </intent-filter>
37        </activity>
38        <activity
38-->src\main\AndroidManifest.xml:22:9-30:20
39            android:name="iut.appmob.blah.activities.HomepageActivity"
39-->src\main\AndroidManifest.xml:22:19-62
40            android:noHistory="true"
40-->src\main\AndroidManifest.xml:25:13-37
41            android:parentActivityName="iut.appmob.blah.activities.MainActivity"
41-->src\main\AndroidManifest.xml:23:13-66
42            android:windowSoftInputMode="adjustPan" >
42-->src\main\AndroidManifest.xml:24:13-52
43
44            <!-- The meta-data tag is required if you support API level 15 and lower -->
45            <meta-data
45-->src\main\AndroidManifest.xml:27:13-29:49
46                android:name="android.support.MAIN_ACTIVITY"
46-->src\main\AndroidManifest.xml:28:17-61
47                android:value=".MainActivity" />
47-->src\main\AndroidManifest.xml:29:17-46
48        </activity>
49        <activity
49-->src\main\AndroidManifest.xml:32:9-40:20
50            android:name="iut.appmob.blah.activities.ChatActivity"
50-->src\main\AndroidManifest.xml:32:19-58
51            android:noHistory="false"
51-->src\main\AndroidManifest.xml:35:13-38
52            android:parentActivityName="iut.appmob.blah.activities.HomepageActivity"
52-->src\main\AndroidManifest.xml:33:13-70
53            android:windowSoftInputMode="adjustPan" >
53-->src\main\AndroidManifest.xml:34:13-52
54
55            <!-- The meta-data tag is required if you support API level 15 and lower -->
56            <meta-data
56-->src\main\AndroidManifest.xml:37:13-39:53
57                android:name="android.support.HOMEPAGE_ACTIVITY"
57-->src\main\AndroidManifest.xml:38:17-65
58                android:value=".HomepageActivity" />
58-->src\main\AndroidManifest.xml:39:17-50
59        </activity>
60
61        <meta-data
61-->src\main\AndroidManifest.xml:42:9-44:57
62            android:name="preloaded_fonts"
62-->src\main\AndroidManifest.xml:43:13-43
63            android:resource="@array/preloaded_fonts" />
63-->src\main\AndroidManifest.xml:44:13-54
64
65        <service
65-->[com.google.firebase:firebase-database:19.6.0] AndroidManifest.xml:29:9-35:19
66            android:name="com.google.firebase.components.ComponentDiscoveryService"
66-->[com.google.firebase:firebase-database:19.6.0] AndroidManifest.xml:30:13-84
67            android:directBootAware="true"
67-->[com.google.firebase:firebase-common:19.5.0] AndroidManifest.xml:35:13-43
68            android:exported="false" >
68-->[com.google.firebase:firebase-database:19.6.0] AndroidManifest.xml:31:13-37
69            <meta-data
69-->[com.google.firebase:firebase-database:19.6.0] AndroidManifest.xml:32:13-34:85
70                android:name="com.google.firebase.components:com.google.firebase.database.DatabaseRegistrar"
70-->[com.google.firebase:firebase-database:19.6.0] AndroidManifest.xml:33:17-109
71                android:value="com.google.firebase.components.ComponentRegistrar" />
71-->[com.google.firebase:firebase-database:19.6.0] AndroidManifest.xml:34:17-82
72            <meta-data
72-->[com.google.firebase:firebase-auth:20.0.2] AndroidManifest.xml:77:13-79:85
73                android:name="com.google.firebase.components:com.google.firebase.auth.FirebaseAuthRegistrar"
73-->[com.google.firebase:firebase-auth:20.0.2] AndroidManifest.xml:78:17-109
74                android:value="com.google.firebase.components.ComponentRegistrar" />
74-->[com.google.firebase:firebase-auth:20.0.2] AndroidManifest.xml:79:17-82
75            <!--
76                This registrar is not defined in the dynamic-module-support sdk itself to allow non-firebase
77                clients to use it as well, by defining this registrar in their own core/common library.
78            -->
79            <meta-data
79-->[com.google.firebase:firebase-common:19.5.0] AndroidManifest.xml:43:13-45:85
80                android:name="com.google.firebase.components:com.google.firebase.dynamicloading.DynamicLoadingRegistrar"
80-->[com.google.firebase:firebase-common:19.5.0] AndroidManifest.xml:44:17-121
81                android:value="com.google.firebase.components.ComponentRegistrar" />
81-->[com.google.firebase:firebase-common:19.5.0] AndroidManifest.xml:45:17-82
82        </service>
83
84        <activity
84-->[com.google.firebase:firebase-auth:20.0.2] AndroidManifest.xml:27:9-44:20
85            android:name="com.google.firebase.auth.internal.GenericIdpActivity"
85-->[com.google.firebase:firebase-auth:20.0.2] AndroidManifest.xml:28:13-80
86            android:excludeFromRecents="true"
86-->[com.google.firebase:firebase-auth:20.0.2] AndroidManifest.xml:29:13-46
87            android:exported="true"
87-->[com.google.firebase:firebase-auth:20.0.2] AndroidManifest.xml:30:13-36
88            android:launchMode="singleTask"
88-->[com.google.firebase:firebase-auth:20.0.2] AndroidManifest.xml:31:13-44
89            android:theme="@android:style/Theme.Translucent.NoTitleBar" >
89-->[com.google.firebase:firebase-auth:20.0.2] AndroidManifest.xml:32:13-72
90            <intent-filter>
90-->[com.google.firebase:firebase-auth:20.0.2] AndroidManifest.xml:33:13-43:29
91                <action android:name="android.intent.action.VIEW" />
91-->[com.google.firebase:firebase-auth:20.0.2] AndroidManifest.xml:34:17-69
91-->[com.google.firebase:firebase-auth:20.0.2] AndroidManifest.xml:34:25-66
92
93                <category android:name="android.intent.category.DEFAULT" />
93-->[com.google.firebase:firebase-auth:20.0.2] AndroidManifest.xml:36:17-76
93-->[com.google.firebase:firebase-auth:20.0.2] AndroidManifest.xml:36:27-73
94                <category android:name="android.intent.category.BROWSABLE" />
94-->[com.google.firebase:firebase-auth:20.0.2] AndroidManifest.xml:37:17-78
94-->[com.google.firebase:firebase-auth:20.0.2] AndroidManifest.xml:37:27-75
95
96                <data
96-->[com.google.firebase:firebase-auth:20.0.2] AndroidManifest.xml:39:17-42:51
97                    android:host="firebase.auth"
97-->[com.google.firebase:firebase-auth:20.0.2] AndroidManifest.xml:40:21-49
98                    android:path="/"
98-->[com.google.firebase:firebase-auth:20.0.2] AndroidManifest.xml:41:21-37
99                    android:scheme="genericidp" />
99-->[com.google.firebase:firebase-auth:20.0.2] AndroidManifest.xml:42:21-48
100            </intent-filter>
101        </activity>
102        <activity
102-->[com.google.firebase:firebase-auth:20.0.2] AndroidManifest.xml:45:9-62:20
103            android:name="com.google.firebase.auth.internal.RecaptchaActivity"
103-->[com.google.firebase:firebase-auth:20.0.2] AndroidManifest.xml:46:13-79
104            android:excludeFromRecents="true"
104-->[com.google.firebase:firebase-auth:20.0.2] AndroidManifest.xml:47:13-46
105            android:exported="true"
105-->[com.google.firebase:firebase-auth:20.0.2] AndroidManifest.xml:48:13-36
106            android:launchMode="singleTask"
106-->[com.google.firebase:firebase-auth:20.0.2] AndroidManifest.xml:49:13-44
107            android:theme="@android:style/Theme.Translucent.NoTitleBar" >
107-->[com.google.firebase:firebase-auth:20.0.2] AndroidManifest.xml:50:13-72
108            <intent-filter>
108-->[com.google.firebase:firebase-auth:20.0.2] AndroidManifest.xml:51:13-61:29
109                <action android:name="android.intent.action.VIEW" />
109-->[com.google.firebase:firebase-auth:20.0.2] AndroidManifest.xml:34:17-69
109-->[com.google.firebase:firebase-auth:20.0.2] AndroidManifest.xml:34:25-66
110
111                <category android:name="android.intent.category.DEFAULT" />
111-->[com.google.firebase:firebase-auth:20.0.2] AndroidManifest.xml:36:17-76
111-->[com.google.firebase:firebase-auth:20.0.2] AndroidManifest.xml:36:27-73
112                <category android:name="android.intent.category.BROWSABLE" />
112-->[com.google.firebase:firebase-auth:20.0.2] AndroidManifest.xml:37:17-78
112-->[com.google.firebase:firebase-auth:20.0.2] AndroidManifest.xml:37:27-75
113
114                <data
114-->[com.google.firebase:firebase-auth:20.0.2] AndroidManifest.xml:39:17-42:51
115                    android:host="firebase.auth"
115-->[com.google.firebase:firebase-auth:20.0.2] AndroidManifest.xml:40:21-49
116                    android:path="/"
116-->[com.google.firebase:firebase-auth:20.0.2] AndroidManifest.xml:41:21-37
117                    android:scheme="recaptcha" />
117-->[com.google.firebase:firebase-auth:20.0.2] AndroidManifest.xml:42:21-48
118            </intent-filter>
119        </activity>
120
121        <service
121-->[com.google.firebase:firebase-auth:20.0.2] AndroidManifest.xml:64:9-73:19
122            android:name="com.google.firebase.auth.api.fallback.service.FirebaseAuthFallbackService"
122-->[com.google.firebase:firebase-auth:20.0.2] AndroidManifest.xml:65:13-101
123            android:enabled="true"
123-->[com.google.firebase:firebase-auth:20.0.2] AndroidManifest.xml:66:13-35
124            android:exported="false" >
124-->[com.google.firebase:firebase-auth:20.0.2] AndroidManifest.xml:67:13-37
125            <intent-filter>
125-->[com.google.firebase:firebase-auth:20.0.2] AndroidManifest.xml:68:13-72:29
126                <action android:name="com.google.firebase.auth.api.gms.service.START" />
126-->[com.google.firebase:firebase-auth:20.0.2] AndroidManifest.xml:69:17-89
126-->[com.google.firebase:firebase-auth:20.0.2] AndroidManifest.xml:69:25-86
127
128                <category android:name="android.intent.category.DEFAULT" />
128-->[com.google.firebase:firebase-auth:20.0.2] AndroidManifest.xml:36:17-76
128-->[com.google.firebase:firebase-auth:20.0.2] AndroidManifest.xml:36:27-73
129            </intent-filter>
130        </service>
131
132        <activity
132-->[com.google.android.gms:play-services-base:17.1.0] AndroidManifest.xml:23:9-26:75
133            android:name="com.google.android.gms.common.api.GoogleApiActivity"
133-->[com.google.android.gms:play-services-base:17.1.0] AndroidManifest.xml:24:13-79
134            android:exported="false"
134-->[com.google.android.gms:play-services-base:17.1.0] AndroidManifest.xml:25:13-37
135            android:theme="@android:style/Theme.Translucent.NoTitleBar" />
135-->[com.google.android.gms:play-services-base:17.1.0] AndroidManifest.xml:26:13-72
136
137        <provider
137-->[com.google.firebase:firebase-common:19.5.0] AndroidManifest.xml:26:9-31:39
138            android:name="com.google.firebase.provider.FirebaseInitProvider"
138-->[com.google.firebase:firebase-common:19.5.0] AndroidManifest.xml:27:13-77
139            android:authorities="iut.appmob.blah.firebaseinitprovider"
139-->[com.google.firebase:firebase-common:19.5.0] AndroidManifest.xml:28:13-72
140            android:directBootAware="true"
140-->[com.google.firebase:firebase-common:19.5.0] AndroidManifest.xml:29:13-43
141            android:exported="false"
141-->[com.google.firebase:firebase-common:19.5.0] AndroidManifest.xml:30:13-37
142            android:initOrder="100" />
142-->[com.google.firebase:firebase-common:19.5.0] AndroidManifest.xml:31:13-36
143
144        <meta-data
144-->[com.google.android.gms:play-services-basement:17.1.0] AndroidManifest.xml:23:9-25:69
145            android:name="com.google.android.gms.version"
145-->[com.google.android.gms:play-services-basement:17.1.0] AndroidManifest.xml:24:13-58
146            android:value="@integer/google_play_services_version" />
146-->[com.google.android.gms:play-services-basement:17.1.0] AndroidManifest.xml:25:13-66
147    </application>
148
149</manifest>